* installing *source* package ‘eigenmap’ ...
** using staged installation
** libs
gcc -I"/usr/share/R/include" -DNDEBUG      -fpic  -g -O2 -fdebug-prefix-map=/build/r-base-asoVQd/r-base-4.2.1=. -fstack-protector-strong -Wformat -Werror=format-security -Wdate-time -D_FORTIFY_SOURCE=2  -c geodists.c -o geodists.o
gcc -I"/usr/share/R/include" -DNDEBUG      -fpic  -g -O2 -fdebug-prefix-map=/build/r-base-asoVQd/r-base-4.2.1=. -fstack-protector-strong -Wformat -Werror=format-security -Wdate-time -D_FORTIFY_SOURCE=2  -c init.c -o init.o
gcc -shared -L/usr/lib/R/lib -Wl,-Bsymbolic-functions -Wl,-z,relro -o eigenmap.so geodists.o init.o -L/usr/lib/R/lib -lR
installing to /mnt/data/guenardg/git/eigenmap_dev/eigenmap.Rcheck/00LOCK-eigenmap/00new/eigenmap/libs
** R
** data
** inst
** byte-compile and prepare package for lazy loading
** help
*** installing help indices
** building package indices
** installing vignettes
** testing if installed package can be loaded from temporary location
** checking absolute paths in shared objects and dynamic libraries
** testing if installed package can be loaded from final location
** testing if installed package keeps a record of temporary installation path
* DONE (eigenmap)
